<?xml version="1.0" encoding="UTF-8"?>
<!-- Generated by org.testng.reporters.JUnitXMLReporter -->
<testsuite ignored="0" hostname="LTIN520175" failures="0" tests="5" name="Chrome_Test" time="83.292" errors="0" timestamp="2024-06-07T13:53:37 IST">
  <testcase classname="testSuites.TestSuite_1" name="validateUser" time="1.731"/>
  <testcase classname="testSuites.TestSuite_1" name="validateWelcomeMessage" time="14.365"/>
  <testcase classname="testSuites.TestSuite_1" name="validateDefaultLanguageAndCountry" time="0.442"/>
  <testcase classname="testSuites.TestSuite_1" name="getLanguages" time="0.361"/>
  <testcase classname="testSuites.TestSuite_1" name="checkDetails" time="17.335"/>
</testsuite> <!-- Chrome_Test -->
